<?xml version="1.0" encoding="UTF-8"?>
<testng-results ignored="0" total="1" passed="1" failed="0" skipped="0">
  <reporter-output>
  </reporter-output>
  <suite started-at="2020-12-07T10:14:38 IST" name="Suite" finished-at="2020-12-07T10:15:10 IST" duration-ms="32688">
    <groups>
    </groups>
    <test started-at="2020-12-07T10:14:38 IST" name="Test" finished-at="2020-12-07T10:15:10 IST" duration-ms="32688">
      <class name="com.AppProject.AppLoginTest">
        <test-method is-config="true" signature="AppSuite()[pri:0, instance:com.AppProject.AppLoginTest@49dc7102]" started-at="2020-12-07T10:14:37 IST" name="AppSuite" finished-at="2020-12-07T10:14:38 IST" duration-ms="306" status="PASS">
          <reporter-output>
          </reporter-output>
        </test-method> <!-- AppSuite -->
        <test-method is-config="true" signature="launchBrowser()[pri:0, instance:com.AppProject.AppLoginTest@49dc7102]" started-at="2020-12-07T10:14:38 IST" name="launchBrowser" finished-at="2020-12-07T10:14:56 IST" duration-ms="17837" status="PASS">
          <reporter-output>
          </reporter-output>
        </test-method> <!-- launchBrowser -->
        <test-method signature="verifylogin()[pri:0, instance:com.AppProject.AppLoginTest@49dc7102]" started-at="2020-12-07T10:14:56 IST" name="verifylogin" finished-at="2020-12-07T10:15:09 IST" duration-ms="13496" status="PASS">
          <reporter-output>
          </reporter-output>
        </test-method> <!-- verifylogin -->
        <test-method is-config="true" signature="getextentresult(org.testng.ITestResult)[pri:0, instance:com.AppProject.AppLoginTest@49dc7102]" started-at="2020-12-07T10:15:09 IST" name="getextentresult" finished-at="2020-12-07T10:15:09 IST" duration-ms="6" status="PASS">
          <params>
            <param index="0">
              <value>
                <![CDATA[[TestResult name=verifylogin status=SUCCESS method=AppLoginTest.verifylogin()[pri:0, instance:com.AppProject.AppLoginTest@49dc7102] output={null}]]]>
              </value>
            </param>
          </params>
          <reporter-output>
          </reporter-output>
        </test-method> <!-- getextentresult -->
        <test-method is-config="true" signature="endExtents()[pri:0, instance:com.AppProject.AppLoginTest@49dc7102]" started-at="2020-12-07T10:15:09 IST" name="endExtents" finished-at="2020-12-07T10:15:10 IST" duration-ms="546" status="PASS">
          <reporter-output>
          </reporter-output>
        </test-method> <!-- endExtents -->
        <test-method is-config="true" signature="closeBrowser()[pri:0, instance:com.AppProject.AppLoginTest@49dc7102]" started-at="2020-12-07T10:15:10 IST" name="closeBrowser" finished-at="2020-12-07T10:15:10 IST" duration-ms="725" status="PASS">
          <reporter-output>
          </reporter-output>
        </test-method> <!-- closeBrowser -->
      </class> <!-- com.AppProject.AppLoginTest -->
    </test> <!-- Test -->
  </suite> <!-- Suite -->
</testng-results>
