<?xml version="1.0" encoding="UTF-8"?>
<testng-results ignored="0" total="1" passed="1" failed="0" skipped="0">
  <reporter-output>
  </reporter-output>
  <suite started-at="2020-12-04T05:56:03 IST" name="Suite" finished-at="2020-12-04T05:56:03 IST" duration-ms="41">
    <groups>
    </groups>
    <test started-at="2020-12-04T05:56:03 IST" name="Test" finished-at="2020-12-04T05:56:03 IST" duration-ms="41">
      <class name="com.AppUtilities.AppTest">
        <test-method signature="verifysamplemaventest()[pri:0, instance:com.AppUtilities.AppTest@671a5887]" started-at="2020-12-04T05:56:03 IST" name="verifysamplemaventest" finished-at="2020-12-04T05:56:03 IST" duration-ms="9" status="PASS">
          <reporter-output>
          </reporter-output>
        </test-method> <!-- verifysamplemaventest -->
      </class> <!-- com.AppUtilities.AppTest -->
    </test> <!-- Test -->
  </suite> <!-- Suite -->
</testng-results>
